MeridianSamples/app/build/outputs/logs/manifest-merger-samples-debug-report.txt
-- Merging decision tree log ---
manifest
ADDED from src\main\AndroidManifest.xml:2:1-37:12
INJECTED from src\main\AndroidManifest.xml:2:1-37:12
INJECTED from src\main\AndroidManifest.xml:2:1-37:12
MERGED from src\main\AndroidManifest.xml:2:1-37:12
MERGED from [com.android.support:preference-v7:27.1.1] AndroidManifest.xml:17:1-22:12
MERGED from [com.google.android.gms:play-services-location:15.0.1] AndroidManifest.xml:2:1-9:12
MERGED from [com.google.android.gms:play-services-base:15.0.1] AndroidManifest.xml:17:1-29:12
MERGED from [com.google.android.gms:play-services-places-placereport:15.0.1] AndroidManifest.xml:17:1-24:12
MERGED from [com.google.android.gms:play-services-tasks:15.0.1] AndroidManifest.xml:2:1-9:12
MERGED from [com.google.android.gms:play-services-basement:15.0.1] AndroidManifest.xml:17:1-28:12
MERGED from [com.android.support:support-v4:27.1.1] AndroidManifest.xml:17:1-22:12
MERGED from [com.android.support:appcompat-v7:27.1.1] AndroidManifest.xml:17:1-22:12
MERGED from [com.android.volley:volley:1.1.1] AndroidManifest.xml:2:1-11:12
MERGED from [ch.acra:acra:4.11] AndroidManifest.xml:17:1-50:12
MERGED from [com.arubanetworks.meridian:meridian:4.7.0] AndroidManifest.xml:2:1-57:12
MERGED from [com.android.support:animated-vector-drawable:27.1.1] AndroidManifest.xml:17:1-22:12
MERGED from [com.android.support:recyclerview-v7:27.1.1] AndroidManifest.xml:17:1-22:12
MERGED from [com.android.support:support-fragment:27.1.1] AndroidManifest.xml:17:1-22:12
MERGED from [com.android.support:support-core-ui:27.1.1] AndroidManifest.xml:17:1-22:12
MERGED from [com.android.support:support-core-utils:27.1.1] AndroidManifest.xml:17:1-22:12
MERGED from [com.android.support:support-vector-drawable:27.1.1] AndroidManifest.xml:17:1-22:12
MERGED from [com.android.support:support-media-compat:27.1.1] AndroidManifest.xml:17:1-22:12
MERGED from [com.android.support:support-compat:27.1.1] AndroidManifest.xml:17:1-22:12
MERGED from [android.arch.lifecycle:runtime:1.1.0] AndroidManifest.xml:17:1-22:12
MERGED from [android.arch.lifecycle:livedata-core:1.1.0] AndroidManifest.xml:17:1-22:12
MERGED from [android.arch.core:runtime:1.1.0] AndroidManifest.xml:17:1-22:12
MERGED from [android.arch.lifecycle:viewmodel:1.1.0] AndroidManifest.xml:17:1-22:12
INJECTED from src\samples\AndroidManifest.xml:2:1-43:12
INJECTED from src\samples\AndroidManifest.xml:2:1-43:12
	package
		ADDED from src\main\AndroidManifest.xml:3:5-48
	android:versionName
		INJECTED from src\main\AndroidManifest.xml
		ADDED from src\main\AndroidManifest.xml:2:1-37:12
		INJECTED from src\samples\AndroidManifest.xml
	android:versionCode
		INJECTED from src\main\AndroidManifest.xml
		ADDED from src\main\AndroidManifest.xml:2:1-37:12
		INJECTED from src\samples\AndroidManifest.xml
	xmlns:android
		ADDED from src\main\AndroidManifest.xml:2:11-69
uses-feature#0x00020000
ADDED from src\main\AndroidManifest.xml:8:5-78
MERGED from src\main\AndroidManifest.xml:8:5-78
MERGED from src\main\AndroidManifest.xml:8:5-78
MERGED from [com.arubanetworks.meridian:meridian:4.7.0] AndroidManifest.xml:23:5-25:36
MERGED from [com.arubanetworks.meridian:meridian:4.7.0] AndroidManifest.xml:23:5-25:36
	android:glEsVersion
		ADDED from src\main\AndroidManifest.xml:8:19-51
	android:required
		ADDED from src\main\AndroidManifest.xml:8:52-76
uses-permission#android.permission.ACCESS_WIFI_STATE
ADDED from src\main\AndroidManifest.xml:9:5-75
MERGED from src\main\AndroidManifest.xml:9:5-75
MERGED from src\main\AndroidManifest.xml:9:5-75
	android:name
		ADDED from src\main\AndroidManifest.xml:9:22-73
uses-permission#android.permission.CHANGE_WIFI_STATE
ADDED from src\main\AndroidManifest.xml:10:5-75
MERGED from src\main\AndroidManifest.xml:10:5-75
MERGED from src\main\AndroidManifest.xml:10:5-75
	android:name
		ADDED from src\main\AndroidManifest.xml:10:22-73
uses-permission#android.permission.BLUETOOTH
ADDED from src\main\AndroidManifest.xml:11:5-67
MERGED from src\main\AndroidManifest.xml:11:5-67
MERGED from src\main\AndroidManifest.xml:11:5-67
MERGED from [com.arubanetworks.meridian:meridian:4.7.0] AndroidManifest.xml:29:5-68
MERGED from [com.arubanetworks.meridian:meridian:4.7.0] AndroidManifest.xml:29:5-68
	android:name
		ADDED from src\main\AndroidManifest.xml:11:22-65
uses-permission#android.permission.BLUETOOTH_ADMIN
ADDED from src\main\AndroidManifest.xml:12:5-73
MERGED from src\main\AndroidManifest.xml:12:5-73
MERGED from src\main\AndroidManifest.xml:12:5-73
MERGED from [com.arubanetworks.meridian:meridian:4.7.0] AndroidManifest.xml:30:5-74
MERGED from [com.arubanetworks.meridian:meridian:4.7.0] AndroidManifest.xml:30:5-74
	android:name
		ADDED from src\main\AndroidManifest.xml:12:22-71
uses-permission#android.permission.ACCESS_FINE_LOCATION
ADDED from src\main\AndroidManifest.xml:13:5-103
MERGED from src\main\AndroidManifest.xml:13:5-103
MERGED from src\main\AndroidManifest.xml:13:5-103
MERGED from [com.arubanetworks.meridian:meridian:4.7.0] AndroidManifest.xml:31:5-33:36
MERGED from [com.arubanetworks.meridian:meridian:4.7.0] AndroidManifest.xml:31:5-33:36
	android:required
		ADDED from src\main\AndroidManifest.xml:13:77-101
	android:name
		ADDED from src\main\AndroidManifest.xml:13:22-76
application
ADDED from src\main\AndroidManifest.xml:15:5-35:19
MERGED from src\main\AndroidManifest.xml:15:5-35:19
MERGED from src\main\AndroidManifest.xml:15:5-35:19
MERGED from [com.google.android.gms:play-services-location:15.0.1] AndroidManifest.xml:7:5-20
MERGED from [com.google.android.gms:play-services-location:15.0.1] AndroidManifest.xml:7:5-20
MERGED from [com.google.android.gms:play-services-base:15.0.1] AndroidManifest.xml:22:5-27:19
MERGED from [com.google.android.gms:play-services-base:15.0.1] AndroidManifest.xml:22:5-27:19
MERGED from [com.google.android.gms:play-services-places-placereport:15.0.1] AndroidManifest.xml:22:5-20
MERGED from [com.google.android.gms:play-services-places-placereport:15.0.1] AndroidManifest.xml:22:5-20
MERGED from [com.google.android.gms:play-services-tasks:15.0.1] AndroidManifest.xml:7:5-20
MERGED from [com.google.android.gms:play-services-tasks:15.0.1] AndroidManifest.xml:7:5-20
MERGED from [com.google.android.gms:play-services-basement:15.0.1] AndroidManifest.xml:22:5-26:19
MERGED from [com.google.android.gms:play-services-basement:15.0.1] AndroidManifest.xml:22:5-26:19
MERGED from [com.android.volley:volley:1.1.1] AndroidManifest.xml:9:5-20
MERGED from [com.android.volley:volley:1.1.1] AndroidManifest.xml:9:5-20
MERGED from [ch.acra:acra:4.11] AndroidManifest.xml:27:5-48:19
MERGED from [ch.acra:acra:4.11] AndroidManifest.xml:27:5-48:19
MERGED from [com.arubanetworks.meridian:meridian:4.7.0] AndroidManifest.xml:35:5-55:19
MERGED from [com.arubanetworks.meridian:meridian:4.7.0] AndroidManifest.xml:35:5-55:19
	android:supportsRtl
		ADDED from src\main\AndroidManifest.xml:20:9-35
	android:label
		ADDED from src\main\AndroidManifest.xml:18:9-41
	android:hardwareAccelerated
		ADDED from [com.arubanetworks.meridian:meridian:4.7.0] AndroidManifest.xml:37:9-43
	android:icon
		ADDED from src\main\AndroidManifest.xml:17:9-45
	android:allowBackup
		ADDED from src\main\AndroidManifest.xml:16:9-35
	android:theme
		ADDED from src\main\AndroidManifest.xml:19:9-40
	android:name
		ADDED from src\main\AndroidManifest.xml:21:9-69
activity#com.arubanetworks.meridiansamples.DirectionsActivity
ADDED from src\main\AndroidManifest.xml:23:9-25:20
	android:label
		ADDED from src\main\AndroidManifest.xml:24:13-53
	android:name
		ADDED from src\main\AndroidManifest.xml:23:19-86
receiver#com.arubanetworks.meridiansamples.CampaignReceiver
ADDED from src\main\AndroidManifest.xml:27:9-34:20
	android:exported
		ADDED from src\main\AndroidManifest.xml:29:13-37
	android:name
		ADDED from src\main\AndroidManifest.xml:28:13-78
intent-filter#action:name:com.arubanetworks.meridian.CAMPAIGNS_BROADCAST+category:name:com.arubanetworks.meridiansamples
ADDED from src\main\AndroidManifest.xml:30:13-33:29
action#com.arubanetworks.meridian.CAMPAIGNS_BROADCAST
ADDED from src\main\AndroidManifest.xml:31:17-88
	android:name
		ADDED from src\main\AndroidManifest.xml:31:25-86
category#com.arubanetworks.meridiansamples
ADDED from src\main\AndroidManifest.xml:32:17-78
	android:name
		ADDED from src\main\AndroidManifest.xml:32:27-75
uses-sdk
INJECTED from src\main\AndroidManifest.xml reason: use-sdk injection requested
INJECTED from src\main\AndroidManifest.xml
INJECTED from src\main\AndroidManifest.xml
MERGED from [com.android.support:preference-v7:27.1.1] AndroidManifest.xml:20:5-44
MERGED from [com.android.support:preference-v7:27.1.1] AndroidManifest.xml:20:5-44
MERGED from [com.google.android.gms:play-services-location:15.0.1] AndroidManifest.xml:5:5-44
MERGED from [com.google.android.gms:play-services-location:15.0.1] AndroidManifest.xml:5:5-44
MERGED from [com.google.android.gms:play-services-base:15.0.1] AndroidManifest.xml:20:5-44
MERGED from [com.google.android.gms:play-services-base:15.0.1] AndroidManifest.xml:20:5-44
MERGED from [com.google.android.gms:play-services-places-placereport:15.0.1] AndroidManifest.xml:20:5-44
MERGED from [com.google.android.gms:play-services-places-placereport:15.0.1] AndroidManifest.xml:20:5-44
MERGED from [com.google.android.gms:play-services-tasks:15.0.1] AndroidManifest.xml:5:5-44
MERGED from [com.google.android.gms:play-services-tasks:15.0.1] AndroidManifest.xml:5:5-44
MERGED from [com.google.android.gms:play-services-basement:15.0.1] AndroidManifest.xml:20:5-44
MERGED from [com.google.android.gms:play-services-basement:15.0.1] AndroidManifest.xml:20:5-44
MERGED from [com.android.support:support-v4:27.1.1] AndroidManifest.xml:20:5-44
MERGED from [com.android.support:support-v4:27.1.1] AndroidManifest.xml:20:5-44
MERGED from [com.android.support:appcompat-v7:27.1.1] AndroidManifest.xml:20:5-44
MERGED from [com.android.support:appcompat-v7:27.1.1] AndroidManifest.xml:20:5-44
MERGED from [com.android.volley:volley:1.1.1] AndroidManifest.xml:7:5-43
MERGED from [com.android.volley:volley:1.1.1] AndroidManifest.xml:7:5-43
MERGED from [ch.acra:acra:4.11] AndroidManifest.xml:21:5-23:41
MERGED from [ch.acra:acra:4.11] AndroidManifest.xml:21:5-23:41
MERGED from [com.arubanetworks.meridian:meridian:4.7.0] AndroidManifest.xml:7:5-9:41
MERGED from [com.arubanetworks.meridian:meridian:4.7.0] AndroidManifest.xml:7:5-9:41
MERGED from [com.android.support:animated-vector-drawable:27.1.1] AndroidManifest.xml:20:5-44
MERGED from [com.android.support:animated-vector-drawable:27.1.1] AndroidManifest.xml:20:5-44
MERGED from [com.android.support:recyclerview-v7:27.1.1] AndroidManifest.xml:20:5-44
MERGED from [com.android.support:recyclerview-v7:27.1.1] AndroidManifest.xml:20:5-44
MERGED from [com.android.support:support-fragment:27.1.1] AndroidManifest.xml:20:5-44
MERGED from [com.android.support:support-fragment:27.1.1] AndroidManifest.xml:20:5-44
MERGED from [com.android.support:support-core-ui:27.1.1] AndroidManifest.xml:20:5-44
MERGED from [com.android.support:support-core-ui:27.1.1] AndroidManifest.xml:20:5-44
MERGED from [com.android.support:support-core-utils:27.1.1] AndroidManifest.xml:20:5-44
MERGED from [com.android.support:support-core-utils:27.1.1] AndroidManifest.xml:20:5-44
MERGED from [com.android.support:support-vector-drawable:27.1.1] AndroidManifest.xml:20:5-44
MERGED from [com.android.support:support-vector-drawable:27.1.1] AndroidManifest.xml:20:5-44
MERGED from [com.android.support:support-media-compat:27.1.1] AndroidManifest.xml:20:5-44
MERGED from [com.android.support:support-media-compat:27.1.1] AndroidManifest.xml:20:5-44
MERGED from [com.android.support:support-compat:27.1.1] AndroidManifest.xml:20:5-44
MERGED from [com.android.support:support-compat:27.1.1] AndroidManifest.xml:20:5-44
MERGED from [android.arch.lifecycle:runtime:1.1.0] AndroidManifest.xml:20:5-44
MERGED from [android.arch.lifecycle:runtime:1.1.0] AndroidManifest.xml:20:5-44
MERGED from [android.arch.lifecycle:livedata-core:1.1.0] AndroidManifest.xml:20:5-44
MERGED from [android.arch.lifecycle:livedata-core:1.1.0] AndroidManifest.xml:20:5-44
MERGED from [android.arch.core:runtime:1.1.0] AndroidManifest.xml:20:5-44
MERGED from [android.arch.core:runtime:1.1.0] AndroidManifest.xml:20:5-44
MERGED from [android.arch.lifecycle:viewmodel:1.1.0] AndroidManifest.xml:20:5-44
MERGED from [android.arch.lifecycle:viewmodel:1.1.0] AndroidManifest.xml:20:5-44
INJECTED from src\samples\AndroidManifest.xml
INJECTED from src\samples\AndroidManifest.xml
	android:targetSdkVersion
		INJECTED from src\main\AndroidManifest.xml
		INJECTED from src\samples\AndroidManifest.xml
	android:minSdkVersion
		INJECTED from src\main\AndroidManifest.xml
		INJECTED from src\samples\AndroidManifest.xml
uses-permission#android.permission.READ_LOGS
ADDED from src\samples\AndroidManifest.xml:14:5-67
	android:name
		ADDED from src\samples\AndroidManifest.xml:14:22-65
activity#com.arubanetworks.meridiansamples.MainActivity
ADDED from src\samples\AndroidManifest.xml:24:9-33:20
	android:label
		ADDED from src\samples\AndroidManifest.xml:26:13-45
	android:configChanges
		ADDED from src\samples\AndroidManifest.xml:27:13-74
	android:name
		ADDED from src\samples\AndroidManifest.xml:25:13-74
intent-filter#action:name:android.intent.action.MAIN+category:name:android.intent.category.DEFAULT+category:name:android.intent.category.LAUNCHER
ADDED from src\samples\AndroidManifest.xml:28:13-32:29
action#android.intent.action.MAIN
ADDED from src\samples\AndroidManifest.xml:29:17-69
	android:name
		ADDED from src\samples\AndroidManifest.xml:29:25-66
category#android.intent.category.DEFAULT
ADDED from src\samples\AndroidManifest.xml:30:17-76
	android:name
		ADDED from src\samples\AndroidManifest.xml:30:27-73
category#android.intent.category.LAUNCHER
ADDED from src\samples\AndroidManifest.xml:31:17-77
	android:name
		ADDED from src\samples\AndroidManifest.xml:31:27-74
activity#com.arubanetworks.meridiansamples.SecondaryActivity
ADDED from src\samples\AndroidManifest.xml:35:9-39:20
	android:label
		ADDED from src\samples\AndroidManifest.xml:37:13-45
	android:configChanges
		ADDED from src\samples\AndroidManifest.xml:38:13-74
	android:name
		ADDED from src\samples\AndroidManifest.xml:36:13-79
activity#com.google.android.gms.common.api.GoogleApiActivity
ADDED from [com.google.android.gms:play-services-base:15.0.1] AndroidManifest.xml:23:9-26:75
	android:exported
		ADDED from [com.google.android.gms:play-services-base:15.0.1] AndroidManifest.xml:25:13-37
	android:theme
		ADDED from [com.google.android.gms:play-services-base:15.0.1] AndroidManifest.xml:26:13-72
	android:name
		ADDED from [com.google.android.gms:play-services-base:15.0.1] AndroidManifest.xml:24:13-79
meta-data#com.google.android.gms.version
ADDED from [com.google.android.gms:play-services-basement:15.0.1] AndroidManifest.xml:23:9-25:69
	android:value
		ADDED from [com.google.android.gms:play-services-basement:15.0.1] AndroidManifest.xml:25:13-66
	android:name
		ADDED from [com.google.android.gms:play-services-basement:15.0.1] AndroidManifest.xml:24:13-58
uses-permission#android.permission.WAKE_LOCK
ADDED from [ch.acra:acra:4.11] AndroidManifest.xml:25:5-68
	android:name
		ADDED from [ch.acra:acra:4.11] AndroidManifest.xml:25:22-65
activity#org.acra.dialog.CrashReportDialog
ADDED from [ch.acra:acra:4.11] AndroidManifest.xml:28:9-34:59
	android:process
		ADDED from [ch.acra:acra:4.11] AndroidManifest.xml:33:13-36
	android:excludeFromRecents
		ADDED from [ch.acra:acra:4.11] AndroidManifest.xml:30:13-46
	android:launchMode
		ADDED from [ch.acra:acra:4.11] AndroidManifest.xml:32:13-48
	android:theme
		ADDED from [ch.acra:acra:4.11] AndroidManifest.xml:34:13-56
	android:finishOnTaskLaunch
		ADDED from [ch.acra:acra:4.11] AndroidManifest.xml:31:13-46
	android:name
		ADDED from [ch.acra:acra:4.11] AndroidManifest.xml:29:13-61
service#org.acra.sender.SenderService
ADDED from [ch.acra:acra:4.11] AndroidManifest.xml:36:9-40:39
	android:process
		ADDED from [ch.acra:acra:4.11] AndroidManifest.xml:40:13-36
	android:exported
		ADDED from [ch.acra:acra:4.11] AndroidManifest.xml:38:13-37
	android:permission
		ADDED from [ch.acra:acra:4.11] AndroidManifest.xml:39:13-69
	android:name
		ADDED from [ch.acra:acra:4.11] AndroidManifest.xml:37:13-57
provider#org.acra.attachment.AcraContentProvider
ADDED from [ch.acra:acra:4.11] AndroidManifest.xml:42:9-47:39
	android:process
		ADDED from [ch.acra:acra:4.11] AndroidManifest.xml:47:13-36
	android:grantUriPermissions
		ADDED from [ch.acra:acra:4.11] AndroidManifest.xml:46:13-47
	android:authorities
		ADDED from [ch.acra:acra:4.11] AndroidManifest.xml:44:13-56
	android:exported
		ADDED from [ch.acra:acra:4.11] AndroidManifest.xml:45:13-37
	android:name
		ADDED from [ch.acra:acra:4.11] AndroidManifest.xml:43:13-67
uses-feature#android.hardware.bluetooth
ADDED from [com.arubanetworks.meridian:meridian:4.7.0] AndroidManifest.xml:11:5-13:36
	android:required
		ADDED from [com.arubanetworks.meridian:meridian:4.7.0] AndroidManifest.xml:13:9-33
	android:name
		ADDED from [com.arubanetworks.meridian:meridian:4.7.0] AndroidManifest.xml:12:9-50
uses-feature#android.hardware.bluetooth_le
ADDED from [com.arubanetworks.meridian:meridian:4.7.0] AndroidManifest.xml:14:5-16:36
	android:required
		ADDED from [com.arubanetworks.meridian:meridian:4.7.0] AndroidManifest.xml:16:9-33
	android:name
		ADDED from [com.arubanetworks.meridian:meridian:4.7.0] AndroidManifest.xml:15:9-53
uses-feature#android.hardware.location.gps
ADDED from [com.arubanetworks.meridian:meridian:4.7.0] AndroidManifest.xml:17:5-19:36
	android:required
		ADDED from [com.arubanetworks.meridian:meridian:4.7.0] AndroidManifest.xml:19:9-33
	android:name
		ADDED from [com.arubanetworks.meridian:meridian:4.7.0] AndroidManifest.xml:18:9-53
uses-feature#android.hardware.location
ADDED from [com.arubanetworks.meridian:meridian:4.7.0] AndroidManifest.xml:20:5-22:36
	android:required
		ADDED from [com.arubanetworks.meridian:meridian:4.7.0] AndroidManifest.xml:22:9-33
	android:name
		ADDED from [com.arubanetworks.meridian:meridian:4.7.0] AndroidManifest.xml:21:9-49
uses-permission#android.permission.INTERNET
ADDED from [com.arubanetworks.meridian:meridian:4.7.0] AndroidManifest.xml:27:5-67
	android:name
		ADDED from [com.arubanetworks.meridian:meridian:4.7.0] AndroidManifest.xml:27:22-64
uses-permission#android.permission.ACCESS_NETWORK_STATE
ADDED from [com.arubanetworks.meridian:meridian:4.7.0] AndroidManifest.xml:28:5-79
	android:name
		ADDED from [com.arubanetworks.meridian:meridian:4.7.0] AndroidManifest.xml:28:22-76
activity#com.arubanetworks.meridian.search.SearchActivity
ADDED from [com.arubanetworks.meridian:meridian:4.7.0] AndroidManifest.xml:39:9-85
	android:name
		ADDED from [com.arubanetworks.meridian:meridian:4.7.0] AndroidManifest.xml:39:19-82
activity#com.arubanetworks.meridian.internal.debug.DebugActivity
ADDED from [com.arubanetworks.meridian:meridian:4.7.0] AndroidManifest.xml:40:9-92
	android:name
		ADDED from [com.arubanetworks.meridian:meridian:4.7.0] AndroidManifest.xml:40:19-89
activity#com.arubanetworks.meridian.internal.debug.CampaignDebugActivity
ADDED from [com.arubanetworks.meridian:meridian:4.7.0] AndroidManifest.xml:41:9-43:65
	android:theme
		ADDED from [com.arubanetworks.meridian:meridian:4.7.0] AndroidManifest.xml:43:13-62
	android:name
		ADDED from [com.arubanetworks.meridian:meridian:4.7.0] AndroidManifest.xml:42:13-91
service#com.arubanetworks.meridian.location.MeridianLocationService
ADDED from [com.arubanetworks.meridian:meridian:4.7.0] AndroidManifest.xml:45:9-95
	android:name
		ADDED from [com.arubanetworks.meridian:meridian:4.7.0] AndroidManifest.xml:45:18-92
service#com.arubanetworks.meridian.campaigns.CampaignsService
ADDED from [com.arubanetworks.meridian:meridian:4.7.0] AndroidManifest.xml:46:9-89
	android:name
		ADDED from [com.arubanetworks.meridian:meridian:4.7.0] AndroidManifest.xml:46:18-86
service#com.arubanetworks.meridian.locationsharing.UploadLocationService
ADDED from [com.arubanetworks.meridian:meridian:4.7.0] AndroidManifest.xml:47:9-100
	android:name
		ADDED from [com.arubanetworks.meridian:meridian:4.7.0] AndroidManifest.xml:47:18-97
service#com.google.android.gms.analytics.AnalyticsService
ADDED from [com.arubanetworks.meridian:meridian:4.7.0] AndroidManifest.xml:48:9-51:40
	android:enabled
		ADDED from [com.arubanetworks.meridian:meridian:4.7.0] AndroidManifest.xml:50:13-35
	android:exported
		ADDED from [com.arubanetworks.meridian:meridian:4.7.0] AndroidManifest.xml:51:13-37
	android:name
		ADDED from [com.arubanetworks.meridian:meridian:4.7.0] AndroidManifest.xml:49:13-77
service#com.arubanetworks.meridian.locationsharing.UploadLocationJob
ADDED from [com.arubanetworks.meridian:meridian:4.7.0] AndroidManifest.xml:52:9-54:72
	android:permission
		ADDED from [com.arubanetworks.meridian:meridian:4.7.0] AndroidManifest.xml:54:13-69
	android:name
		ADDED from [com.arubanetworks.meridian:meridian:4.7.0] AndroidManifest.xml:53:13-88